<?xml version="1.0" encoding="UTF-8"?>
<testng-results ignored="0" total="1" passed="1" failed="0" skipped="0">
  <reporter-output>
  </reporter-output>
  <suite started-at="2024-08-09T10:57:06 IST" name="Default suite" finished-at="2024-08-09T10:57:19 IST" duration-ms="12960">
    <groups>
    </groups>
    <test started-at="2024-08-09T10:57:06 IST" name="Default test" finished-at="2024-08-09T10:57:19 IST" duration-ms="12960">
      <class name="Testpackage.Deyga_login_Test">
        <test-method is-config="true" signature="setup()[pri:0, instance:Testpackage.Deyga_login_Test@223191a6]" started-at="2024-08-09T10:57:06 IST" name="setup" finished-at="2024-08-09T10:57:08 IST" duration-ms="1972" status="PASS">
          <reporter-output>
          </reporter-output>
        </test-method> <!-- setup -->
        <test-method is-config="true" signature="url()[pri:0, instance:Testpackage.Deyga_login_Test@223191a6]" started-at="2024-08-09T10:57:08 IST" name="url" finished-at="2024-08-09T10:57:10 IST" duration-ms="2192" status="PASS">
          <reporter-output>
          </reporter-output>
        </test-method> <!-- url -->
        <test-method signature="loginTest()[pri:0, instance:Testpackage.Deyga_login_Test@223191a6]" started-at="2024-08-09T10:57:10 IST" name="loginTest" finished-at="2024-08-09T10:57:19 IST" duration-ms="8744" status="PASS">
          <reporter-output>
          </reporter-output>
        </test-method> <!-- loginTest -->
      </class> <!-- Testpackage.Deyga_login_Test -->
    </test> <!-- Default test -->
  </suite> <!-- Default suite -->
</testng-results>
